Using built-in specs.
COLLECT_GCC=/usr/bin/c++
OFFLOAD_TARGET_NAMES=nvptx-none:hsa
OFFLOAD_TARGET_DEFAULT=1
Target: x86_64-linux-gnu
Configured with: ../src/configure -v --with-pkgversion='Ubuntu 9.4.0-1ubuntu1~20.04.2' --with-bugurl=file:///usr/share/doc/gcc-9/README.Bugs --enable-languages=c,ada,c++,go,brig,d,fortran,objc,obj-c++,gm2 --prefix=/usr --with-gcc-major-version-only --program-suffix=-9 --program-prefix=x86_64-linux-gnu- --enable-shared --enable-linker-build-id --libexecdir=/usr/lib --without-included-gettext --enable-threads=posix --libdir=/usr/lib --enable-nls --enable-clocale=gnu --enable-libstdcxx-debug --enable-libstdcxx-time=yes --with-default-libstdcxx-abi=new --enable-gnu-unique-object --disable-vtable-verify --enable-plugin --enable-default-pie --with-system-zlib --with-target-system-zlib=auto --enable-objc-gc=auto --enable-multiarch --disable-werror --with-arch-32=i686 --with-abi=m64 --with-multilib-list=m32,m64,mx32 --enable-multilib --with-tune=generic --enable-offload-targets=nvptx-none=/build/gcc-9-9QDOt0/gcc-9-9.4.0/debian/tmp-nvptx/usr,hsa --without-cuda-driver --enable-checking=release --build=x86_64-linux-gnu --host=x86_64-linux-gnu --target=x86_64-linux-gnu
Thread model: posix
gcc version 9.4.0 (Ubuntu 9.4.0-1ubuntu1~20.04.2) 
COLLECT_GCC_OPTIONS='-v' '-I' '/home/user/PX4-Autopilot/boards/px4/sitl/src' '-I' '/home/user/PX4-Autopilot/platforms/posix/src/px4/common/include' '-I' '/home/user/PX4-Autopilot/build/px4_sitl_default' '-I' '/home/user/PX4-Autopilot/build/px4_sitl_default/src/lib' '-I' '/home/user/PX4-Autopilot/platforms/posix/src/px4/generic/generic/include' '-I' '/home/user/PX4-Autopilot/platforms/posix/src/px4/common/include' '-I' '/home/user/PX4-Autopilot/platforms/common' '-I' '/home/user/PX4-Autopilot/platforms/common/include' '-I' '/home/user/PX4-Autopilot/src' '-I' '/home/user/PX4-Autopilot/src/include' '-I' '/home/user/PX4-Autopilot/src/lib' '-I' '/home/user/PX4-Autopilot/src/lib/matrix' '-I' '/home/user/PX4-Autopilot/src/modules' '-I' '/home/user/PX4-Autopilot/platforms/posix/include' '-I' '/home/user/PX4-Autopilot/build/px4_sitl_default/external/Install/include' '-c' '-o' 'CMakeFiles/cmTC_0594a.dir/CMakeCXXCompilerABI.cpp.o' '-shared-libgcc' '-mtune=generic' '-march=x86-64'
 /usr/lib/gcc/x86_64-linux-gnu/9/cc1plus -quiet -v -I /home/user/PX4-Autopilot/boards/px4/sitl/src -I /home/user/PX4-Autopilot/platforms/posix/src/px4/common/include -I /home/user/PX4-Autopilot/build/px4_sitl_default -I /home/user/PX4-Autopilot/build/px4_sitl_default/src/lib -I /home/user/PX4-Autopilot/platforms/posix/src/px4/generic/generic/include -I /home/user/PX4-Autopilot/platforms/posix/src/px4/common/include -I /home/user/PX4-Autopilot/platforms/common -I /home/user/PX4-Autopilot/platforms/common/include -I /home/user/PX4-Autopilot/src -I /home/user/PX4-Autopilot/src/include -I /home/user/PX4-Autopilot/src/lib -I /home/user/PX4-Autopilot/src/lib/matrix -I /home/user/PX4-Autopilot/src/modules -I /home/user/PX4-Autopilot/platforms/posix/include -I /home/user/PX4-Autopilot/build/px4_sitl_default/external/Install/include -imultiarch x86_64-linux-gnu -D_GNU_SOURCE /usr/share/cmake-3.30/Modules/CMakeCXXCompilerABI.cpp -quiet -dumpbase CMakeCXXCompilerABI.cpp -mtune=generic -march=x86-64 -auxbase-strip CMakeFiles/cmTC_0594a.dir/CMakeCXXCompilerABI.cpp.o -version -fasynchronous-unwind-tables -fstack-protector-strong -Wformat -Wformat-security -fstack-clash-protection -fcf-protection -o /tmp/ccCqiuii.s
GNU C++14 (Ubuntu 9.4.0-1ubuntu1~20.04.2) version 9.4.0 (x86_64-linux-gnu)
	compiled by GNU C version 9.4.0, GMP version 6.2.0, MPFR version 4.0.2, MPC version 1.1.0, isl version isl-0.22.1-GMP

GGC heuristics: --param ggc-min-expand=100 --param ggc-min-heapsize=131072
ignoring duplicate directory "/usr/include/x86_64-linux-gnu/c++/9"
ignoring nonexistent directory "/usr/local/include/x86_64-linux-gnu"
ignoring nonexistent directory "/usr/lib/gcc/x86_64-linux-gnu/9/include-fixed"
ignoring nonexistent directory "/usr/lib/gcc/x86_64-linux-gnu/9/../../../../x86_64-linux-gnu/include"
ignoring duplicate directory "/home/user/PX4-Autopilot/platforms/posix/src/px4/common/include"
#include "..." search starts here:
#include <...> search starts here:
 /home/user/PX4-Autopilot/boards/px4/sitl/src
 /home/user/PX4-Autopilot/platforms/posix/src/px4/common/include
 /home/user/PX4-Autopilot/build/px4_sitl_default
 /home/user/PX4-Autopilot/build/px4_sitl_default/src/lib
 /home/user/PX4-Autopilot/platforms/posix/src/px4/generic/generic/include
 /home/user/PX4-Autopilot/platforms/common
 /home/user/PX4-Autopilot/platforms/common/include
 /home/user/PX4-Autopilot/src
 /home/user/PX4-Autopilot/src/include
 /home/user/PX4-Autopilot/src/lib
 /home/user/PX4-Autopilot/src/lib/matrix
 /home/user/PX4-Autopilot/src/modules
 /home/user/PX4-Autopilot/platforms/posix/include
 /home/user/PX4-Autopilot/build/px4_sitl_default/external/Install/include
 /usr/include/c++/9
 /usr/include/x86_64-linux-gnu/c++/9
 /usr/include/c++/9/backward
 /usr/lib/gcc/x86_64-linux-gnu/9/include
 /usr/local/include
 /usr/include/x86_64-linux-gnu
 /usr/include
End of search list.
GNU C++14 (Ubuntu 9.4.0-1ubuntu1~20.04.2) version 9.4.0 (x86_64-linux-gnu)
	compiled by GNU C version 9.4.0, GMP version 6.2.0, MPFR version 4.0.2, MPC version 1.1.0, isl version isl-0.22.1-GMP

GGC heuristics: --param ggc-min-expand=100 --param ggc-min-heapsize=131072
Compiler executable checksum: 3d1eba838554fa2348dba760e4770469
COLLECT_GCC_OPTIONS='-v' '-I' '/home/user/PX4-Autopilot/boards/px4/sitl/src' '-I' '/home/user/PX4-Autopilot/platforms/posix/src/px4/common/include' '-I' '/home/user/PX4-Autopilot/build/px4_sitl_default' '-I' '/home/user/PX4-Autopilot/build/px4_sitl_default/src/lib' '-I' '/home/user/PX4-Autopilot/platforms/posix/src/px4/generic/generic/include' '-I' '/home/user/PX4-Autopilot/platforms/posix/src/px4/common/include' '-I' '/home/user/PX4-Autopilot/platforms/common' '-I' '/home/user/PX4-Autopilot/platforms/common/include' '-I' '/home/user/PX4-Autopilot/src' '-I' '/home/user/PX4-Autopilot/src/include' '-I' '/home/user/PX4-Autopilot/src/lib' '-I' '/home/user/PX4-Autopilot/src/lib/matrix' '-I' '/home/user/PX4-Autopilot/src/modules' '-I' '/home/user/PX4-Autopilot/platforms/posix/include' '-I' '/home/user/PX4-Autopilot/build/px4_sitl_default/external/Install/include' '-c' '-o' 'CMakeFiles/cmTC_0594a.dir/CMakeCXXCompilerABI.cpp.o' '-shared-libgcc' '-mtune=generic' '-march=x86-64'
 as -v -I /home/user/PX4-Autopilot/boards/px4/sitl/src -I /home/user/PX4-Autopilot/platforms/posix/src/px4/common/include -I /home/user/PX4-Autopilot/build/px4_sitl_default -I /home/user/PX4-Autopilot/build/px4_sitl_default/src/lib -I /home/user/PX4-Autopilot/platforms/posix/src/px4/generic/generic/include -I /home/user/PX4-Autopilot/platforms/posix/src/px4/common/include -I /home/user/PX4-Autopilot/platforms/common -I /home/user/PX4-Autopilot/platforms/common/include -I /home/user/PX4-Autopilot/src -I /home/user/PX4-Autopilot/src/include -I /home/user/PX4-Autopilot/src/lib -I /home/user/PX4-Autopilot/src/lib/matrix -I /home/user/PX4-Autopilot/src/modules -I /home/user/PX4-Autopilot/platforms/posix/include -I /home/user/PX4-Autopilot/build/px4_sitl_default/external/Install/include --64 -o CMakeFiles/cmTC_0594a.dir/CMakeCXXCompilerABI.cpp.o /tmp/ccCqiuii.s
GNU assembler version 2.34 (x86_64-linux-gnu) using BFD version (GNU Binutils for Ubuntu) 2.34
COMPILER_PATH=/usr/lib/gcc/x86_64-linux-gnu/9/:/usr/lib/gcc/x86_64-linux-gnu/9/:/usr/lib/gcc/x86_64-linux-gnu/:/usr/lib/gcc/x86_64-linux-gnu/9/:/usr/lib/gcc/x86_64-linux-gnu/
LIBRARY_PATH=/usr/lib/gcc/x86_64-linux-gnu/9/:/usr/lib/gcc/x86_64-linux-gnu/9/../../../x86_64-linux-gnu/:/usr/lib/gcc/x86_64-linux-gnu/9/../../../../lib/:/lib/x86_64-linux-gnu/:/lib/../lib/:/usr/lib/x86_64-linux-gnu/:/usr/lib/../lib/:/usr/lib/gcc/x86_64-linux-gnu/9/../../../:/lib/:/usr/lib/
COLLECT_GCC_OPTIONS='-v' '-I' '/home/user/PX4-Autopilot/boards/px4/sitl/src' '-I' '/home/user/PX4-Autopilot/platforms/posix/src/px4/common/include' '-I' '/home/user/PX4-Autopilot/build/px4_sitl_default' '-I' '/home/user/PX4-Autopilot/build/px4_sitl_default/src/lib' '-I' '/home/user/PX4-Autopilot/platforms/posix/src/px4/generic/generic/include' '-I' '/home/user/PX4-Autopilot/platforms/posix/src/px4/common/include' '-I' '/home/user/PX4-Autopilot/platforms/common' '-I' '/home/user/PX4-Autopilot/platforms/common/include' '-I' '/home/user/PX4-Autopilot/src' '-I' '/home/user/PX4-Autopilot/src/include' '-I' '/home/user/PX4-Autopilot/src/lib' '-I' '/home/user/PX4-Autopilot/src/lib/matrix' '-I' '/home/user/PX4-Autopilot/src/modules' '-I' '/home/user/PX4-Autopilot/platforms/posix/include' '-I' '/home/user/PX4-Autopilot/build/px4_sitl_default/external/Install/include' '-c' '-o' 'CMakeFiles/cmTC_0594a.dir/CMakeCXXCompilerABI.cpp.o' '-shared-libgcc' '-mtune=generic' '-march=x86-64'
