/usr/local/lib/python3.8/dist-packages/setuptools/dist.py:476: SetuptoolsDeprecationWarning: Invalid dash-separated options
!!

        ********************************************************************************
        Usage of dash-separated 'script-dir' will not be supported in future
        versions. Please use the underscore name 'script_dir' instead.

        This deprecation is overdue, please update your project and remove deprecated
        calls to avoid build errors in the future.

        See https://setuptools.pypa.io/en/latest/userguide/declarative_config.html for details.
        ********************************************************************************

!!
  opt = self.warn_dash_deprecation(opt, section)
running develop
/usr/local/lib/python3.8/dist-packages/setuptools/command/develop.py:40: EasyInstallDeprecationWarning: easy_install command is deprecated.
!!

        ********************************************************************************
        Please avoid running ``setup.py`` and ``easy_install``.
        Instead, use pypa/build, pypa/installer or other
        standards-based tools.

        See https://github.com/pypa/setuptools/issues/917 for details.
        ********************************************************************************

!!
  easy_install.initialize_options(self)
running egg_info
creating controller.egg-info
writing controller.egg-info/PKG-INFO
writing dependency_links to controller.egg-info/dependency_links.txt
writing entry points to controller.egg-info/entry_points.txt
writing requirements to controller.egg-info/requires.txt
writing top-level names to controller.egg-info/top_level.txt
writing manifest file 'controller.egg-info/SOURCES.txt'
reading manifest file 'controller.egg-info/SOURCES.txt'
writing manifest file 'controller.egg-info/SOURCES.txt'
running build_ext
Creating /home/user/ros_workspace/bulnabi_ws/install/controller/lib/python3.8/site-packages/controller.egg-link (link to .)
Installing test script to /home/user/ros_workspace/bulnabi_ws/install/controller/lib/controller

Installed /home/user/ros_workspace/bulnabi_ws/build/controller
running symlink_data
creating /home/user/ros_workspace/bulnabi_ws/install/controller/share/ament_index
creating /home/user/ros_workspace/bulnabi_ws/install/controller/share/ament_index/resource_index
creating /home/user/ros_workspace/bulnabi_ws/install/controller/share/ament_index/resource_index/packages
symbolically linking /home/user/ros_workspace/bulnabi_ws/build/controller/resource/controller -> /home/user/ros_workspace/bulnabi_ws/install/controller/share/ament_index/resource_index/packages
symbolically linking /home/user/ros_workspace/bulnabi_ws/build/controller/package.xml -> /home/user/ros_workspace/bulnabi_ws/install/controller/share/controller
