[0.250s] DEBUG:colcon:Command line arguments: ['/usr/bin/colcon', 'build', '--symlink-install']
[0.250s] DEBUG:colcon:Parsed command line arguments: Namespace(allow_overriding=[], ament_cmake_args=None, base_paths=['.'], build_base='build', catkin_cmake_args=None, catkin_skip_building_tests=False, cmake_args=None, cmake_clean_cache=False, cmake_clean_first=False, cmake_force_configure=False, cmake_target=None, cmake_target_skip_unavailable=False, continue_on_error=False, event_handlers=None, executor='parallel', ignore_user_meta=False, install_base='install', log_base=None, log_level=None, main=<bound method BuildVerb.main of <colcon_core.verb.build.BuildVerb object at 0x73d8c5150640>>, merge_install=False, metas=['./colcon.meta'], mixin=None, mixin_files=None, mixin_verb=('build',), packages_above=None, packages_above_and_dependencies=None, packages_above_depth=None, packages_end=None, packages_ignore=None, packages_ignore_regex=None, packages_select=None, packages_select_build_failed=False, packages_select_by_dep=None, packages_select_regex=None, packages_select_test_failures=False, packages_skip=None, packages_skip_build_finished=False, packages_skip_by_dep=None, packages_skip_regex=None, packages_skip_test_passed=False, packages_skip_up_to=None, packages_start=None, packages_up_to=None, packages_up_to_regex=None, parallel_workers=8, paths=None, symlink_install=True, test_result_base=None, verb_extension=<colcon_core.verb.build.BuildVerb object at 0x73d8c5150640>, verb_name='build', verb_parser=<colcon_mixin.mixin.mixin_argument.MixinArgumentDecorator object at 0x73d8c5150c10>)
[0.294s] Level 1:colcon.colcon_core.package_discovery:discover_packages(colcon_meta) check parameters
[0.295s] Level 1:colcon.colcon_core.package_discovery:discover_packages(recursive) check parameters
[0.295s] Level 1:colcon.colcon_core.package_discovery:discover_packages(ignore) check parameters
[0.295s] Level 1:colcon.colcon_core.package_discovery:discover_packages(path) check parameters
[0.295s] Level 1:colcon.colcon_core.package_discovery:discover_packages(colcon_meta) discover
[0.295s] Level 1:colcon.colcon_core.package_discovery:discover_packages(recursive) discover
[0.295s] INFO:colcon.colcon_core.package_discovery:Crawling recursively for packages in '/home/user/ros_workspace/bulnabi_ws'
[0.295s] Level 1:colcon.colcon_core.package_identification:_identify(.) by extensions ['ignore', 'ignore_ament_install']
[0.295s] Level 1:colcon.colcon_core.package_identification:_identify(.) by extension 'ignore'
[0.295s] Level 1:colcon.colcon_core.package_identification:_identify(.) by extension 'ignore_ament_install'
[0.295s] Level 1:colcon.colcon_core.package_identification:_identify(.) by extensions ['colcon_pkg']
[0.295s] Level 1:colcon.colcon_core.package_identification:_identify(.) by extension 'colcon_pkg'
[0.295s] Level 1:colcon.colcon_core.package_identification:_identify(.) by extensions ['colcon_meta']
[0.295s] Level 1:colcon.colcon_core.package_identification:_identify(.) by extension 'colcon_meta'
[0.295s] Level 1:colcon.colcon_core.package_identification:_identify(.) by extensions ['ros']
[0.295s] Level 1:colcon.colcon_core.package_identification:_identify(.) by extension 'ros'
[0.314s] Level 1:colcon.colcon_core.package_identification:_identify(.) by extensions ['cmake', 'python']
[0.314s] Level 1:colcon.colcon_core.package_identification:_identify(.) by extension 'cmake'
[0.314s] Level 1:colcon.colcon_core.package_identification:_identify(.) by extension 'python'
[0.314s] Level 1:colcon.colcon_core.package_identification:_identify(.) by extensions ['python_setup_py']
[0.314s] Level 1:colcon.colcon_core.package_identification:_identify(.) by extension 'python_setup_py'
[0.314s] Level 1:colcon.colcon_core.package_identification:_identify(build) by extensions ['ignore', 'ignore_ament_install']
[0.314s] Level 1:colcon.colcon_core.package_identification:_identify(build) by extension 'ignore'
[0.314s] Level 1:colcon.colcon_core.package_identification:_identify(build) ignored
[0.314s] Level 1:colcon.colcon_core.package_identification:_identify(install) by extensions ['ignore', 'ignore_ament_install']
[0.314s] Level 1:colcon.colcon_core.package_identification:_identify(install) by extension 'ignore'
[0.314s] Level 1:colcon.colcon_core.package_identification:_identify(install) ignored
[0.314s] Level 1:colcon.colcon_core.package_identification:_identify(log) by extensions ['ignore', 'ignore_ament_install']
[0.314s] Level 1:colcon.colcon_core.package_identification:_identify(log) by extension 'ignore'
[0.314s] Level 1:colcon.colcon_core.package_identification:_identify(log) ignored
[0.314s] Level 1:colcon.colcon_core.package_identification:_identify(src) by extensions ['ignore', 'ignore_ament_install']
[0.314s] Level 1:colcon.colcon_core.package_identification:_identify(src) by extension 'ignore'
[0.314s] Level 1:colcon.colcon_core.package_identification:_identify(src) by extension 'ignore_ament_install'
[0.314s] Level 1:colcon.colcon_core.package_identification:_identify(src) by extensions ['colcon_pkg']
[0.314s] Level 1:colcon.colcon_core.package_identification:_identify(src) by extension 'colcon_pkg'
[0.314s] Level 1:colcon.colcon_core.package_identification:_identify(src) by extensions ['colcon_meta']
[0.314s] Level 1:colcon.colcon_core.package_identification:_identify(src) by extension 'colcon_meta'
[0.314s] Level 1:colcon.colcon_core.package_identification:_identify(src) by extensions ['ros']
[0.314s] Level 1:colcon.colcon_core.package_identification:_identify(src) by extension 'ros'
[0.315s] Level 1:colcon.colcon_core.package_identification:_identify(src) by extensions ['cmake', 'python']
[0.315s] Level 1:colcon.colcon_core.package_identification:_identify(src) by extension 'cmake'
[0.315s] Level 1:colcon.colcon_core.package_identification:_identify(src) by extension 'python'
[0.315s] Level 1:colcon.colcon_core.package_identification:_identify(src) by extensions ['python_setup_py']
[0.315s] Level 1:colcon.colcon_core.package_identification:_identify(src) by extension 'python_setup_py'
[0.315s] Level 1:colcon.colcon_core.package_identification:_identify(src/controller) by extensions ['ignore', 'ignore_ament_install']
[0.315s] Level 1:colcon.colcon_core.package_identification:_identify(src/controller) by extension 'ignore'
[0.315s] Level 1:colcon.colcon_core.package_identification:_identify(src/controller) by extension 'ignore_ament_install'
[0.315s] Level 1:colcon.colcon_core.package_identification:_identify(src/controller) by extensions ['colcon_pkg']
[0.315s] Level 1:colcon.colcon_core.package_identification:_identify(src/controller) by extension 'colcon_pkg'
[0.315s] Level 1:colcon.colcon_core.package_identification:_identify(src/controller) by extensions ['colcon_meta']
[0.315s] Level 1:colcon.colcon_core.package_identification:_identify(src/controller) by extension 'colcon_meta'
[0.315s] Level 1:colcon.colcon_core.package_identification:_identify(src/controller) by extensions ['ros']
[0.315s] Level 1:colcon.colcon_core.package_identification:_identify(src/controller) by extension 'ros'
[0.317s] DEBUG:colcon.colcon_core.package_identification:Package 'src/controller' with type 'ros.ament_python' and name 'controller'
[0.317s] Level 1:colcon.colcon_core.package_identification:_identify(src/px4_msgs) by extensions ['ignore', 'ignore_ament_install']
[0.317s] Level 1:colcon.colcon_core.package_identification:_identify(src/px4_msgs) by extension 'ignore'
[0.317s] Level 1:colcon.colcon_core.package_identification:_identify(src/px4_msgs) by extension 'ignore_ament_install'
[0.317s] Level 1:colcon.colcon_core.package_identification:_identify(src/px4_msgs) by extensions ['colcon_pkg']
[0.317s] Level 1:colcon.colcon_core.package_identification:_identify(src/px4_msgs) by extension 'colcon_pkg'
[0.317s] Level 1:colcon.colcon_core.package_identification:_identify(src/px4_msgs) by extensions ['colcon_meta']
[0.317s] Level 1:colcon.colcon_core.package_identification:_identify(src/px4_msgs) by extension 'colcon_meta'
[0.317s] Level 1:colcon.colcon_core.package_identification:_identify(src/px4_msgs) by extensions ['ros']
[0.317s] Level 1:colcon.colcon_core.package_identification:_identify(src/px4_msgs) by extension 'ros'
[0.318s] DEBUG:colcon.colcon_core.package_identification:Package 'src/px4_msgs' with type 'ros.ament_cmake' and name 'px4_msgs'
[0.318s] Level 1:colcon.colcon_core.package_discovery:discover_packages(recursive) using defaults
[0.318s] Level 1:colcon.colcon_core.package_discovery:discover_packages(ignore) discover
[0.318s] Level 1:colcon.colcon_core.package_discovery:discover_packages(ignore) using defaults
[0.318s] Level 1:colcon.colcon_core.package_discovery:discover_packages(path) discover
[0.318s] Level 1:colcon.colcon_core.package_discovery:discover_packages(path) using defaults
[0.333s] Level 1:colcon.colcon_core.package_discovery:discover_packages(prefix_path) check parameters
[0.333s] Level 1:colcon.colcon_core.package_discovery:discover_packages(prefix_path) discover
[0.335s] DEBUG:colcon.colcon_installed_package_information.package_discovery:Found 257 installed packages in /opt/ros/foxy
[0.336s] Level 1:colcon.colcon_core.package_discovery:discover_packages(prefix_path) using defaults
[0.378s] Level 5:colcon.colcon_core.verb:set package 'controller' build argument 'cmake_args' from command line to 'None'
[0.378s] Level 5:colcon.colcon_core.verb:set package 'controller' build argument 'cmake_target' from command line to 'None'
[0.378s] Level 5:colcon.colcon_core.verb:set package 'controller' build argument 'cmake_target_skip_unavailable' from command line to 'False'
[0.378s] Level 5:colcon.colcon_core.verb:set package 'controller' build argument 'cmake_clean_cache' from command line to 'False'
[0.378s] Level 5:colcon.colcon_core.verb:set package 'controller' build argument 'cmake_clean_first' from command line to 'False'
[0.378s] Level 5:colcon.colcon_core.verb:set package 'controller' build argument 'cmake_force_configure' from command line to 'False'
[0.378s] Level 5:colcon.colcon_core.verb:set package 'controller' build argument 'ament_cmake_args' from command line to 'None'
[0.378s] Level 5:colcon.colcon_core.verb:set package 'controller' build argument 'catkin_cmake_args' from command line to 'None'
[0.378s] Level 5:colcon.colcon_core.verb:set package 'controller' build argument 'catkin_skip_building_tests' from command line to 'False'
[0.378s] DEBUG:colcon.colcon_core.verb:Building package 'controller' with the following arguments: {'ament_cmake_args': None, 'build_base': '/home/user/ros_workspace/bulnabi_ws/build/controller', 'catkin_cmake_args': None, 'catkin_skip_building_tests': False, 'cmake_args': None, 'cmake_clean_cache': False, 'cmake_clean_first': False, 'cmake_force_configure': False, 'cmake_target': None, 'cmake_target_skip_unavailable': False, 'install_base': '/home/user/ros_workspace/bulnabi_ws/install/controller', 'merge_install': False, 'path': '/home/user/ros_workspace/bulnabi_ws/src/controller', 'symlink_install': True, 'test_result_base': None}
[0.378s] Level 5:colcon.colcon_core.verb:set package 'px4_msgs' build argument 'cmake_args' from command line to 'None'
[0.378s] Level 5:colcon.colcon_core.verb:set package 'px4_msgs' build argument 'cmake_target' from command line to 'None'
[0.378s] Level 5:colcon.colcon_core.verb:set package 'px4_msgs' build argument 'cmake_target_skip_unavailable' from command line to 'False'
[0.378s] Level 5:colcon.colcon_core.verb:set package 'px4_msgs' build argument 'cmake_clean_cache' from command line to 'False'
[0.378s] Level 5:colcon.colcon_core.verb:set package 'px4_msgs' build argument 'cmake_clean_first' from command line to 'False'
[0.378s] Level 5:colcon.colcon_core.verb:set package 'px4_msgs' build argument 'cmake_force_configure' from command line to 'False'
[0.378s] Level 5:colcon.colcon_core.verb:set package 'px4_msgs' build argument 'ament_cmake_args' from command line to 'None'
[0.378s] Level 5:colcon.colcon_core.verb:set package 'px4_msgs' build argument 'catkin_cmake_args' from command line to 'None'
[0.378s] Level 5:colcon.colcon_core.verb:set package 'px4_msgs' build argument 'catkin_skip_building_tests' from command line to 'False'
[0.378s] DEBUG:colcon.colcon_core.verb:Building package 'px4_msgs' with the following arguments: {'ament_cmake_args': None, 'build_base': '/home/user/ros_workspace/bulnabi_ws/build/px4_msgs', 'catkin_cmake_args': None, 'catkin_skip_building_tests': False, 'cmake_args': None, 'cmake_clean_cache': False, 'cmake_clean_first': False, 'cmake_force_configure': False, 'cmake_target': None, 'cmake_target_skip_unavailable': False, 'install_base': '/home/user/ros_workspace/bulnabi_ws/install/px4_msgs', 'merge_install': False, 'path': '/home/user/ros_workspace/bulnabi_ws/src/px4_msgs', 'symlink_install': True, 'test_result_base': None}
[0.378s] INFO:colcon.colcon_core.executor:Executing jobs using 'parallel' executor
[0.379s] DEBUG:colcon.colcon_parallel_executor.executor.parallel:run_until_complete
[0.379s] INFO:colcon.colcon_ros.task.ament_python.build:Building ROS package in '/home/user/ros_workspace/bulnabi_ws/src/controller' with build type 'ament_python'
[0.379s] Level 1:colcon.colcon_core.shell:create_environment_hook('controller', 'ament_prefix_path')
[0.382s] INFO:colcon.colcon_core.plugin_system:Skipping extension 'colcon_core.shell.bat': Not used on non-Windows systems
[0.383s] INFO:colcon.colcon_core.shell:Creating environment hook '/home/user/ros_workspace/bulnabi_ws/install/controller/share/controller/hook/ament_prefix_path.ps1'
[0.383s] INFO:colcon.colcon_core.shell:Creating environment descriptor '/home/user/ros_workspace/bulnabi_ws/install/controller/share/controller/hook/ament_prefix_path.dsv'
[0.384s] INFO:colcon.colcon_core.shell:Creating environment hook '/home/user/ros_workspace/bulnabi_ws/install/controller/share/controller/hook/ament_prefix_path.sh'
[0.384s] INFO:colcon.colcon_core.shell:Skip shell extension 'powershell' for command environment: Not usable outside of PowerShell
[0.384s] DEBUG:colcon.colcon_core.shell:Skip shell extension 'dsv' for command environment
[0.389s] INFO:colcon.colcon_ros.task.ament_cmake.build:Building ROS package in '/home/user/ros_workspace/bulnabi_ws/src/px4_msgs' with build type 'ament_cmake'
[0.389s] INFO:colcon.colcon_cmake.task.cmake.build:Building CMake package in '/home/user/ros_workspace/bulnabi_ws/src/px4_msgs'
[0.389s] INFO:colcon.colcon_core.shell:Skip shell extension 'powershell' for command environment: Not usable outside of PowerShell
[0.389s] DEBUG:colcon.colcon_core.shell:Skip shell extension 'dsv' for command environment
[0.530s] INFO:colcon.colcon_core.task.python.build:Building Python package in '/home/user/ros_workspace/bulnabi_ws/src/controller'
[0.531s] INFO:colcon.colcon_core.shell:Skip shell extension 'powershell' for command environment: Not usable outside of PowerShell
[0.531s] DEBUG:colcon.colcon_core.shell:Skip shell extension 'dsv' for command environment
[0.536s] DEBUG:colcon.colcon_core.event_handler.log_command:Invoking command in '/home/user/ros_workspace/bulnabi_ws/build/px4_msgs': CMAKE_PREFIX_PATH=/opt/ros/foxy /usr/bin/cmake /home/user/ros_workspace/bulnabi_ws/src/px4_msgs -DAMENT_CMAKE_SYMLINK_INSTALL=1 -DCMAKE_INSTALL_PREFIX=/home/user/ros_workspace/bulnabi_ws/install/px4_msgs
[1.011s] DEBUG:colcon.colcon_core.event_handler.log_command:Invoking command in '/home/user/ros_workspace/bulnabi_ws/build/controller': PYTHONPATH=/home/user/ros_workspace/bulnabi_ws/build/controller/prefix_override:/home/user/ros_workspace/bulnabi_ws/install/controller/lib/python3.8/site-packages:${PYTHONPATH} /usr/bin/python3 -W ignore:setup.py install is deprecated setup.py develop --editable --build-directory /home/user/ros_workspace/bulnabi_ws/build/controller/build --no-deps symlink_data
[1.434s] Level 1:colcon.colcon_core.shell:create_environment_hook('controller', 'pythonpath_develop')
[1.434s] DEBUG:colcon.colcon_core.event_handler.log_command:Invoked command in '/home/user/ros_workspace/bulnabi_ws/build/controller' returned '0': PYTHONPATH=/home/user/ros_workspace/bulnabi_ws/build/controller/prefix_override:/home/user/ros_workspace/bulnabi_ws/install/controller/lib/python3.8/site-packages:${PYTHONPATH} /usr/bin/python3 -W ignore:setup.py install is deprecated setup.py develop --editable --build-directory /home/user/ros_workspace/bulnabi_ws/build/controller/build --no-deps symlink_data
[1.434s] INFO:colcon.colcon_core.shell:Creating environment hook '/home/user/ros_workspace/bulnabi_ws/build/controller/share/controller/hook/pythonpath_develop.ps1'
[1.435s] INFO:colcon.colcon_core.shell:Creating environment descriptor '/home/user/ros_workspace/bulnabi_ws/build/controller/share/controller/hook/pythonpath_develop.dsv'
[1.435s] INFO:colcon.colcon_core.shell:Creating environment hook '/home/user/ros_workspace/bulnabi_ws/build/controller/share/controller/hook/pythonpath_develop.sh'
[1.439s] Level 1:colcon.colcon_core.environment:checking '/home/user/ros_workspace/bulnabi_ws/install/controller' for CMake module files
[1.439s] Level 1:colcon.colcon_core.environment:checking '/home/user/ros_workspace/bulnabi_ws/install/controller' for CMake config files
[1.440s] Level 1:colcon.colcon_core.environment:checking '/home/user/ros_workspace/bulnabi_ws/install/controller/lib'
[1.440s] Level 1:colcon.colcon_core.environment:checking '/home/user/ros_workspace/bulnabi_ws/install/controller/bin'
[1.440s] Level 1:colcon.colcon_core.environment:checking '/home/user/ros_workspace/bulnabi_ws/install/controller/lib/pkgconfig/controller.pc'
[1.440s] Level 1:colcon.colcon_core.environment:checking '/home/user/ros_workspace/bulnabi_ws/install/controller/lib/python3.8/site-packages'
[1.440s] Level 1:colcon.colcon_core.shell:create_environment_hook('controller', 'pythonpath')
[1.440s] INFO:colcon.colcon_core.shell:Creating environment hook '/home/user/ros_workspace/bulnabi_ws/install/controller/share/controller/hook/pythonpath.ps1'
[1.440s] INFO:colcon.colcon_core.shell:Creating environment descriptor '/home/user/ros_workspace/bulnabi_ws/install/controller/share/controller/hook/pythonpath.dsv'
[1.441s] INFO:colcon.colcon_core.shell:Creating environment hook '/home/user/ros_workspace/bulnabi_ws/install/controller/share/controller/hook/pythonpath.sh'
[1.441s] Level 1:colcon.colcon_core.environment:checking '/home/user/ros_workspace/bulnabi_ws/install/controller/bin'
[1.441s] Level 1:colcon.colcon_core.environment:create_environment_scripts_only(controller)
[1.441s] INFO:colcon.colcon_core.shell:Creating package script '/home/user/ros_workspace/bulnabi_ws/install/controller/share/controller/package.ps1'
[1.442s] INFO:colcon.colcon_core.shell:Creating package descriptor '/home/user/ros_workspace/bulnabi_ws/install/controller/share/controller/package.dsv'
[1.442s] INFO:colcon.colcon_core.shell:Creating package script '/home/user/ros_workspace/bulnabi_ws/install/controller/share/controller/package.sh'
[1.443s] INFO:colcon.colcon_core.shell:Creating package script '/home/user/ros_workspace/bulnabi_ws/install/controller/share/controller/package.bash'
[1.443s] INFO:colcon.colcon_core.shell:Creating package script '/home/user/ros_workspace/bulnabi_ws/install/controller/share/controller/package.zsh'
[1.444s] Level 1:colcon.colcon_core.environment:create_file_with_runtime_dependencies(/home/user/ros_workspace/bulnabi_ws/install/controller/share/colcon-core/packages/controller)
[2.837s] DEBUG:colcon.colcon_core.event_handler.log_command:Invoked command in '/home/user/ros_workspace/bulnabi_ws/build/px4_msgs' returned '0': CMAKE_PREFIX_PATH=/opt/ros/foxy /usr/bin/cmake /home/user/ros_workspace/bulnabi_ws/src/px4_msgs -DAMENT_CMAKE_SYMLINK_INSTALL=1 -DCMAKE_INSTALL_PREFIX=/home/user/ros_workspace/bulnabi_ws/install/px4_msgs
[2.839s] DEBUG:colcon.colcon_core.event_handler.log_command:Invoking command in '/home/user/ros_workspace/bulnabi_ws/build/px4_msgs': CMAKE_PREFIX_PATH=/opt/ros/foxy /usr/bin/cmake --build /home/user/ros_workspace/bulnabi_ws/build/px4_msgs -- -j8 -l8
[164.511s] DEBUG:colcon.colcon_core.event_handler.log_command:Invoked command in '/home/user/ros_workspace/bulnabi_ws/build/px4_msgs' returned '0': CMAKE_PREFIX_PATH=/opt/ros/foxy /usr/bin/cmake --build /home/user/ros_workspace/bulnabi_ws/build/px4_msgs -- -j8 -l8
[167.041s] DEBUG:colcon.colcon_core.event_handler.log_command:Invoking command in '/home/user/ros_workspace/bulnabi_ws/build/px4_msgs': CMAKE_PREFIX_PATH=/opt/ros/foxy /usr/bin/cmake --install /home/user/ros_workspace/bulnabi_ws/build/px4_msgs
[176.461s] Level 1:colcon.colcon_core.environment:create_environment_scripts_only(px4_msgs)
[176.461s] Level 1:colcon.colcon_core.environment:checking '/home/user/ros_workspace/bulnabi_ws/install/px4_msgs' for CMake module files
[176.462s] DEBUG:colcon.colcon_core.event_handler.log_command:Invoked command in '/home/user/ros_workspace/bulnabi_ws/build/px4_msgs' returned '0': CMAKE_PREFIX_PATH=/opt/ros/foxy /usr/bin/cmake --install /home/user/ros_workspace/bulnabi_ws/build/px4_msgs
[176.462s] Level 1:colcon.colcon_core.environment:checking '/home/user/ros_workspace/bulnabi_ws/install/px4_msgs' for CMake config files
[176.480s] Level 1:colcon.colcon_core.shell:create_environment_hook('px4_msgs', 'cmake_prefix_path')
[176.480s] INFO:colcon.colcon_core.shell:Creating environment hook '/home/user/ros_workspace/bulnabi_ws/install/px4_msgs/share/px4_msgs/hook/cmake_prefix_path.ps1'
[176.481s] INFO:colcon.colcon_core.shell:Creating environment descriptor '/home/user/ros_workspace/bulnabi_ws/install/px4_msgs/share/px4_msgs/hook/cmake_prefix_path.dsv'
[176.481s] INFO:colcon.colcon_core.shell:Creating environment hook '/home/user/ros_workspace/bulnabi_ws/install/px4_msgs/share/px4_msgs/hook/cmake_prefix_path.sh'
[176.481s] Level 1:colcon.colcon_core.environment:checking '/home/user/ros_workspace/bulnabi_ws/install/px4_msgs/lib'
[176.481s] Level 1:colcon.colcon_core.shell:create_environment_hook('px4_msgs', 'ld_library_path_lib')
[176.481s] INFO:colcon.colcon_core.shell:Creating environment hook '/home/user/ros_workspace/bulnabi_ws/install/px4_msgs/share/px4_msgs/hook/ld_library_path_lib.ps1'
[176.482s] INFO:colcon.colcon_core.shell:Creating environment descriptor '/home/user/ros_workspace/bulnabi_ws/install/px4_msgs/share/px4_msgs/hook/ld_library_path_lib.dsv'
[176.482s] INFO:colcon.colcon_core.shell:Creating environment hook '/home/user/ros_workspace/bulnabi_ws/install/px4_msgs/share/px4_msgs/hook/ld_library_path_lib.sh'
[176.482s] Level 1:colcon.colcon_core.environment:checking '/home/user/ros_workspace/bulnabi_ws/install/px4_msgs/bin'
[176.482s] Level 1:colcon.colcon_core.environment:checking '/home/user/ros_workspace/bulnabi_ws/install/px4_msgs/lib/pkgconfig/px4_msgs.pc'
[176.482s] Level 1:colcon.colcon_core.environment:checking '/home/user/ros_workspace/bulnabi_ws/install/px4_msgs/lib/python3.8/site-packages'
[176.482s] Level 1:colcon.colcon_core.shell:create_environment_hook('px4_msgs', 'pythonpath')
[176.482s] INFO:colcon.colcon_core.shell:Creating environment hook '/home/user/ros_workspace/bulnabi_ws/install/px4_msgs/share/px4_msgs/hook/pythonpath.ps1'
[176.482s] INFO:colcon.colcon_core.shell:Creating environment descriptor '/home/user/ros_workspace/bulnabi_ws/install/px4_msgs/share/px4_msgs/hook/pythonpath.dsv'
[176.483s] INFO:colcon.colcon_core.shell:Creating environment hook '/home/user/ros_workspace/bulnabi_ws/install/px4_msgs/share/px4_msgs/hook/pythonpath.sh'
[176.483s] Level 1:colcon.colcon_core.environment:checking '/home/user/ros_workspace/bulnabi_ws/install/px4_msgs/bin'
[176.483s] INFO:colcon.colcon_core.shell:Creating package script '/home/user/ros_workspace/bulnabi_ws/install/px4_msgs/share/px4_msgs/package.ps1'
[176.483s] INFO:colcon.colcon_core.shell:Creating package descriptor '/home/user/ros_workspace/bulnabi_ws/install/px4_msgs/share/px4_msgs/package.dsv'
[176.484s] INFO:colcon.colcon_core.shell:Creating package script '/home/user/ros_workspace/bulnabi_ws/install/px4_msgs/share/px4_msgs/package.sh'
[176.484s] INFO:colcon.colcon_core.shell:Creating package script '/home/user/ros_workspace/bulnabi_ws/install/px4_msgs/share/px4_msgs/package.bash'
[176.484s] INFO:colcon.colcon_core.shell:Creating package script '/home/user/ros_workspace/bulnabi_ws/install/px4_msgs/share/px4_msgs/package.zsh'
[176.484s] Level 1:colcon.colcon_core.environment:create_file_with_runtime_dependencies(/home/user/ros_workspace/bulnabi_ws/install/px4_msgs/share/colcon-core/packages/px4_msgs)
[179.026s] Level 1:colcon.colcon_core.environment:create_environment_scripts_only(px4_msgs)
[179.026s] Level 1:colcon.colcon_core.environment:checking '/home/user/ros_workspace/bulnabi_ws/install/px4_msgs' for CMake module files
[179.027s] Level 1:colcon.colcon_core.environment:checking '/home/user/ros_workspace/bulnabi_ws/install/px4_msgs' for CMake config files
[179.039s] Level 1:colcon.colcon_core.shell:create_environment_hook('px4_msgs', 'cmake_prefix_path')
[179.039s] INFO:colcon.colcon_core.shell:Creating environment hook '/home/user/ros_workspace/bulnabi_ws/install/px4_msgs/share/px4_msgs/hook/cmake_prefix_path.ps1'
[179.040s] INFO:colcon.colcon_core.shell:Creating environment descriptor '/home/user/ros_workspace/bulnabi_ws/install/px4_msgs/share/px4_msgs/hook/cmake_prefix_path.dsv'
[179.040s] INFO:colcon.colcon_core.shell:Creating environment hook '/home/user/ros_workspace/bulnabi_ws/install/px4_msgs/share/px4_msgs/hook/cmake_prefix_path.sh'
[179.040s] Level 1:colcon.colcon_core.environment:checking '/home/user/ros_workspace/bulnabi_ws/install/px4_msgs/lib'
[179.040s] Level 1:colcon.colcon_core.shell:create_environment_hook('px4_msgs', 'ld_library_path_lib')
[179.040s] INFO:colcon.colcon_core.shell:Creating environment hook '/home/user/ros_workspace/bulnabi_ws/install/px4_msgs/share/px4_msgs/hook/ld_library_path_lib.ps1'
[179.041s] INFO:colcon.colcon_core.shell:Creating environment descriptor '/home/user/ros_workspace/bulnabi_ws/install/px4_msgs/share/px4_msgs/hook/ld_library_path_lib.dsv'
[179.041s] INFO:colcon.colcon_core.shell:Creating environment hook '/home/user/ros_workspace/bulnabi_ws/install/px4_msgs/share/px4_msgs/hook/ld_library_path_lib.sh'
[179.041s] Level 1:colcon.colcon_core.environment:checking '/home/user/ros_workspace/bulnabi_ws/install/px4_msgs/bin'
[179.041s] Level 1:colcon.colcon_core.environment:checking '/home/user/ros_workspace/bulnabi_ws/install/px4_msgs/lib/pkgconfig/px4_msgs.pc'
[179.041s] Level 1:colcon.colcon_core.environment:checking '/home/user/ros_workspace/bulnabi_ws/install/px4_msgs/lib/python3.8/site-packages'
[179.041s] Level 1:colcon.colcon_core.shell:create_environment_hook('px4_msgs', 'pythonpath')
[179.041s] INFO:colcon.colcon_core.shell:Creating environment hook '/home/user/ros_workspace/bulnabi_ws/install/px4_msgs/share/px4_msgs/hook/pythonpath.ps1'
[179.041s] INFO:colcon.colcon_core.shell:Creating environment descriptor '/home/user/ros_workspace/bulnabi_ws/install/px4_msgs/share/px4_msgs/hook/pythonpath.dsv'
[179.042s] INFO:colcon.colcon_core.shell:Creating environment hook '/home/user/ros_workspace/bulnabi_ws/install/px4_msgs/share/px4_msgs/hook/pythonpath.sh'
[179.042s] Level 1:colcon.colcon_core.environment:checking '/home/user/ros_workspace/bulnabi_ws/install/px4_msgs/bin'
[179.042s] INFO:colcon.colcon_core.shell:Creating package script '/home/user/ros_workspace/bulnabi_ws/install/px4_msgs/share/px4_msgs/package.ps1'
[179.042s] INFO:colcon.colcon_core.shell:Creating package descriptor '/home/user/ros_workspace/bulnabi_ws/install/px4_msgs/share/px4_msgs/package.dsv'
[179.043s] INFO:colcon.colcon_core.shell:Creating package script '/home/user/ros_workspace/bulnabi_ws/install/px4_msgs/share/px4_msgs/package.sh'
[179.043s] INFO:colcon.colcon_core.shell:Creating package script '/home/user/ros_workspace/bulnabi_ws/install/px4_msgs/share/px4_msgs/package.bash'
[179.043s] INFO:colcon.colcon_core.shell:Creating package script '/home/user/ros_workspace/bulnabi_ws/install/px4_msgs/share/px4_msgs/package.zsh'
[179.043s] Level 1:colcon.colcon_core.environment:create_file_with_runtime_dependencies(/home/user/ros_workspace/bulnabi_ws/install/px4_msgs/share/colcon-core/packages/px4_msgs)
[179.044s] DEBUG:colcon.colcon_parallel_executor.executor.parallel:closing loop
[179.044s] DEBUG:colcon.colcon_parallel_executor.executor.parallel:loop closed
[179.044s] DEBUG:colcon.colcon_parallel_executor.executor.parallel:run_until_complete finished with '0'
[179.044s] DEBUG:colcon.colcon_core.event_reactor:joining thread
[179.057s] INFO:colcon.colcon_core.plugin_system:Skipping extension 'colcon_notification.desktop_notification.notify_send': Could not find 'notify-send'
[179.057s] INFO:colcon.colcon_core.plugin_system:Skipping extension 'colcon_notification.desktop_notification.terminal_notifier': Not used on non-Darwin systems
[179.057s] INFO:colcon.colcon_core.plugin_system:Skipping extension 'colcon_notification.desktop_notification.win32': Not used on non-Windows systems
[179.057s] INFO:colcon.colcon_notification.desktop_notification:Sending desktop notification using 'notify2'
[179.059s] DEBUG:colcon.colcon_notification.desktop_notification.notify2:Failed to initialize notify2: org.freedesktop.DBus.Error.Spawn.ExecFailed: /usr/bin/dbus-launch terminated abnormally without any error message
[179.059s] DEBUG:colcon.colcon_core.event_reactor:joined thread
[179.060s] INFO:colcon.colcon_core.shell:Creating prefix script '/home/user/ros_workspace/bulnabi_ws/install/local_setup.ps1'
[179.060s] INFO:colcon.colcon_core.shell:Creating prefix util module '/home/user/ros_workspace/bulnabi_ws/install/_local_setup_util_ps1.py'
[179.061s] INFO:colcon.colcon_core.shell:Creating prefix chain script '/home/user/ros_workspace/bulnabi_ws/install/setup.ps1'
[179.062s] INFO:colcon.colcon_core.shell:Creating prefix script '/home/user/ros_workspace/bulnabi_ws/install/local_setup.sh'
[179.062s] INFO:colcon.colcon_core.shell:Creating prefix util module '/home/user/ros_workspace/bulnabi_ws/install/_local_setup_util_sh.py'
[179.063s] INFO:colcon.colcon_core.shell:Creating prefix chain script '/home/user/ros_workspace/bulnabi_ws/install/setup.sh'
[179.063s] INFO:colcon.colcon_core.shell:Creating prefix script '/home/user/ros_workspace/bulnabi_ws/install/local_setup.bash'
[179.064s] INFO:colcon.colcon_core.shell:Creating prefix chain script '/home/user/ros_workspace/bulnabi_ws/install/setup.bash'
[179.064s] INFO:colcon.colcon_core.shell:Creating prefix script '/home/user/ros_workspace/bulnabi_ws/install/local_setup.zsh'
[179.065s] INFO:colcon.colcon_core.shell:Creating prefix chain script '/home/user/ros_workspace/bulnabi_ws/install/setup.zsh'
